Using pre-set license
Built from '2021.2/staging' branch; Version is '2021.2.8f1 (d0e5f0a7b06a) revision 13690352'; Using compiler version '192829333'; Build Type 'Release'
OS: 'Windows 11  (10.0.22000) 64bit Core' Language: 'en' Physical Memory: 16225 MB
BatchMode: 1, IsHumanControllingUs: 0, StartBugReporterOnCrash: 0, Is64bit: 1, IsPro: 0

COMMAND LINE ARGUMENTS:
C:\Program Files\Unity Editor\2021.2.8f1\Editor\Unity.exe
-adb2
-batchMode
-noUpm
-name
AssetImportWorker0
-projectPath
F:/Projects/Unity/Sci-fi Tech Demo
-logFile
Logs/AssetImportWorker0.log
-srvPort
55186
Successfully changed project path to: F:/Projects/Unity/Sci-fi Tech Demo
F:/Projects/Unity/Sci-fi Tech Demo
[UnityMemory] Configuration Parameters - Can be set up in boot.config
    "memorysetup-bucket-allocator-granularity=16"
    "memorysetup-bucket-allocator-bucket-count=8"
    "memorysetup-bucket-allocator-block-size=33554432"
    "memorysetup-bucket-allocator-block-count=8"
    "memorysetup-main-allocator-block-size=16777216"
    "memorysetup-thread-allocator-block-size=16777216"
    "memorysetup-gfx-main-allocator-block-size=16777216"
    "memorysetup-gfx-thread-allocator-block-size=16777216"
    "memorysetup-cache-allocator-block-size=4194304"
    "memorysetup-typetree-allocator-block-size=2097152"
    "memorysetup-profiler-bucket-allocator-granularity=16"
    "memorysetup-profiler-bucket-allocator-bucket-count=8"
    "memorysetup-profiler-bucket-allocator-block-size=33554432"
    "memorysetup-profiler-bucket-allocator-block-count=8"
    "memorysetup-profiler-allocator-block-size=16777216"
    "memorysetup-profiler-editor-allocator-block-size=1048576"
    "memorysetup-temp-allocator-size-main=16777216"
    "memorysetup-job-temp-allocator-block-size=2097152"
    "memorysetup-job-temp-allocator-block-size-background=1048576"
    "memorysetup-job-temp-allocator-reduction-small-platforms=262144"
    "memorysetup-temp-allocator-size-background-worker=32768"
    "memorysetup-temp-allocator-size-job-worker=262144"
    "memorysetup-temp-allocator-size-preload-manager=33554432"
    "memorysetup-temp-allocator-size-nav-mesh-worker=65536"
    "memorysetup-temp-allocator-size-audio-worker=65536"
    "memorysetup-temp-allocator-size-cloud-worker=32768"
    "memorysetup-temp-allocator-size-gi-baking-worker=262144"
    "memorysetup-temp-allocator-size-gfx=262144"
Refreshing native plugins compatible for Editor in 95.80 ms, found 3 plugins.
Preloading 0 native plugins for Editor in 0.00 ms.
Initialize engine version: 2021.2.8f1 (d0e5f0a7b06a)
[Subsystems] Discovering subsystems at path C:/Program Files/Unity Editor/2021.2.8f1/Editor/Data/Resources/UnitySubsystems
[Subsystems] Discovering subsystems at path F:/Projects/Unity/Sci-fi Tech Demo/Assets
GfxDevice: creating device client; threaded=0; jobified=0
Direct3D:
    Version:  Direct3D 11.0 [level 11.1]
    Renderer: NVIDIA GeForce GTX 1650 (ID=0x1f91)
    Vendor:   NVIDIA
    VRAM:     3962 MB
    Driver:   30.0.15.1295
Initialize mono
Mono path[0] = 'C:/Program Files/Unity Editor/2021.2.8f1/Editor/Data/Managed'
Mono path[1] = 'C:/Program Files/Unity Editor/2021.2.8f1/Editor/Data/MonoBleedingEdge/lib/mono/unityjit-win32'
Mono config path = 'C:/Program Files/Unity Editor/2021.2.8f1/Editor/Data/MonoBleedingEdge/etc'
Using monoOptions --debugger-agent=transport=dt_socket,embedding=1,server=y,suspend=n,address=127.0.0.1:56300
Begin MonoManager ReloadAssembly
Registering precompiled unity dll's ...
Register platform support module: C:/Program Files/Unity Editor/2021.2.8f1/Editor/Data/PlaybackEngines/WebGLSupport/UnityEditor.WebGL.Extensions.dll
Register platform support module: C:/Program Files/Unity Editor/2021.2.8f1/Editor/Data/PlaybackEngines/WindowsStandaloneSupport/UnityEditor.WindowsStandalone.Extensions.dll
Registered in 0.004254 seconds.
Native extension for WindowsStandalone target not found
Native extension for WebGL target not found
Refreshing native plugins compatible for Editor in 121.74 ms, found 3 plugins.
Preloading 0 native plugins for Editor in 0.00 ms.
Mono: successfully reloaded assembly
- Completed reload, in  0.766 seconds
Domain Reload Profiling:
	ReloadAssembly (767ms)
		BeginReloadAssembly (70ms)
			ExecutionOrderSort (0ms)
			DisableScriptedObjects (0ms)
			BackupInstance (0ms)
			ReleaseScriptingObjects (0ms)
			CreateAndSetChildDomain (1ms)
		EndReloadAssembly (616ms)
			LoadAssemblies (68ms)
			RebuildTransferFunctionScriptingTraits (0ms)
			SetupTypeCache (108ms)
			ReleaseScriptCaches (0ms)
			RebuildScriptCaches (68ms)
			SetupLoadedEditorAssemblies (375ms)
				LogAssemblyErrors (0ms)
				InitializePlatformSupportModulesInManaged (25ms)
				SetLoadedEditorAssemblies (0ms)
				RefreshPlugins (122ms)
				BeforeProcessingInitializeOnLoad (2ms)
				ProcessInitializeOnLoadAttributes (168ms)
				ProcessInitializeOnLoadMethodAttributes (59ms)
				AfterProcessingInitializeOnLoad (0ms)
				EditorAssembliesLoaded (0ms)
			ExecutionOrderSort2 (0ms)
			AwakeInstancesAfterBackupRestoration (0ms)
Platform modules already initialized, skipping
Registering precompiled user dll's ...
Registered in 0.004016 seconds.
Begin MonoManager ReloadAssembly
Symbol file LoadedFromMemory doesn't match image F:\Projects\Unity\Sci-fi Tech Demo\Library\PackageCache\com.unity.visualscripting@1.7.6\Editor\VisualScripting.Core\Dependencies\YamlDotNet\Unity.VisualScripting.YamlDotNet.dll
Symbol file LoadedFromMemory doesn't match image F:\Projects\Unity\Sci-fi Tech Demo\Library\PackageCache\com.unity.visualscripting@1.7.6\Editor\VisualScripting.Core\Dependencies\DotNetZip\Unity.VisualScripting.IonicZip.dll
Native extension for WindowsStandalone target not found
Native extension for WebGL target not found
Refreshing native plugins compatible for Editor in 0.54 ms, found 3 plugins.
Preloading 0 native plugins for Editor in 0.00 ms.
Mono: successfully reloaded assembly
- Completed reload, in  1.293 seconds
Domain Reload Profiling:
	ReloadAssembly (1294ms)
		BeginReloadAssembly (216ms)
			ExecutionOrderSort (0ms)
			DisableScriptedObjects (6ms)
			BackupInstance (0ms)
			ReleaseScriptingObjects (0ms)
			CreateAndSetChildDomain (33ms)
		EndReloadAssembly (895ms)
			LoadAssemblies (116ms)
			RebuildTransferFunctionScriptingTraits (0ms)
			SetupTypeCache (332ms)
			ReleaseScriptCaches (1ms)
			RebuildScriptCaches (59ms)
			SetupLoadedEditorAssemblies (376ms)
				LogAssemblyErrors (0ms)
				InitializePlatformSupportModulesInManaged (12ms)
				SetLoadedEditorAssemblies (0ms)
				RefreshPlugins (1ms)
				BeforeProcessingInitializeOnLoad (83ms)
				ProcessInitializeOnLoadAttributes (250ms)
				ProcessInitializeOnLoadMethodAttributes (24ms)
				AfterProcessingInitializeOnLoad (6ms)
				EditorAssembliesLoaded (0ms)
			ExecutionOrderSort2 (0ms)
			AwakeInstancesAfterBackupRestoration (8ms)
Platform modules already initialized, skipping
========================================================================
Worker process is ready to serve import requests
Launched and connected shader compiler UnityShaderCompiler.exe after 0.08 seconds
Refreshing native plugins compatible for Editor in 0.59 ms, found 3 plugins.
Preloading 0 native plugins for Editor in 0.00 ms.
Unloading 3284 Unused Serialized files (Serialized files now loaded: 0)
Unloading 26 unused Assets / (112.6 KB). Loaded Objects now: 3749.
Memory consumption went from 115.5 MB to 115.4 MB.
Total: 3.278000 ms (FindLiveObjects: 0.296400 ms CreateObjectMapping: 0.233000 ms MarkObjects: 2.550200 ms  DeleteObjects: 0.196500 ms)

AssetImportParameters requested are different than current active one (requested -> active):
  custom:video-decoder-ogg-theora: a1e56fd34408186e4bbccfd4996cb3dc -> 
  custom:container-muxer-webm: aa71ff27fc2769a1b78a27578f13a17b -> 
  custom:container-demuxer-webm: 4f35f7cbe854078d1ac9338744f61a02 -> 
  custom:video-encoder-webm-vp8: eb34c28f22e8b96e1ab97ce403110664 -> 
  custom:video-codec-MediaFoundation-h265: 746d11721c4dcdbdad8f713fa42b33f4 -> 
  custom:audio-encoder-webm-vorbis: bf7c407c2cedff20999df2af8eb42d56 -> 
  custom:framework-win-MediaFoundation: 216162199b28c13a410421893ffa2e32 -> 
  custom:container-demuxer-ogg: 62fdf1f143b41e24485cea50d1cbac27 -> 
  custom:video-decoder-webm-vp8: 9c59270c3fd7afecdb556c50c9e8de78 -> 
  custom:audio-decoder-ogg-vorbis: bf7c407c2cedff20999df2af8eb42d56 -> 
========================================================================
Received Import Request.
  Time since last request: 1378495.041550 seconds.
  path: Assets/Game/Scripts/Player.cs
  artifactKey: Guid(000dde9cf799551479b5751940214fc8) Importer(815301076,1909f56bfc062723c751e8b465ee728b)
Start importing Assets/Game/Scripts/Player.cs using Guid(000dde9cf799551479b5751940214fc8) Importer(815301076,1909f56bfc062723c751e8b465ee728b)  -> (artifact id: 'def54f0d62c7ca15bab751fd344cb538') in 0.134107 seconds 
========================================================================
Received Import Request.
  Time since last request: 303.707239 seconds.
  path: Assets/Game/Effects/Coin_Particles.prefab
  artifactKey: Guid(ff930570306602443824325b439871b0) Importer(815301076,1909f56bfc062723c751e8b465ee728b)
Start importing Assets/Game/Effects/Coin_Particles.prefab using Guid(ff930570306602443824325b439871b0) Importer(815301076,1909f56bfc062723c751e8b465ee728b)  -> (artifact id: '8b0a1bd39f5618291bc0a34d4d17efc9') in 0.194204 seconds 
========================================================================
Received Import Request.
  Time since last request: 4.596400 seconds.
  path: Assets/Game/Effects/Hit_Marker.prefab
  artifactKey: Guid(0dca392d0ad60af418c1bace1abde0c6) Importer(815301076,1909f56bfc062723c751e8b465ee728b)
Start importing Assets/Game/Effects/Hit_Marker.prefab using Guid(0dca392d0ad60af418c1bace1abde0c6) Importer(815301076,1909f56bfc062723c751e8b465ee728b)  -> (artifact id: '83bd2988c0ca492bee14b2b55f26d6e3') in 0.095373 seconds 
========================================================================
Received Prepare
Registering precompiled user dll's ...
Registered in 0.003989 seconds.
Begin MonoManager ReloadAssembly
Symbol file LoadedFromMemory doesn't match image F:\Projects\Unity\Sci-fi Tech Demo\Library\PackageCache\com.unity.visualscripting@1.7.6\Editor\VisualScripting.Core\Dependencies\YamlDotNet\Unity.VisualScripting.YamlDotNet.dll
Symbol file LoadedFromMemory doesn't match image F:\Projects\Unity\Sci-fi Tech Demo\Library\PackageCache\com.unity.visualscripting@1.7.6\Editor\VisualScripting.Core\Dependencies\DotNetZip\Unity.VisualScripting.IonicZip.dll
Native extension for WindowsStandalone target not found
Native extension for WebGL target not found
Refreshing native plugins compatible for Editor in 1.01 ms, found 3 plugins.
Preloading 0 native plugins for Editor in 0.00 ms.
Mono: successfully reloaded assembly
- Completed reload, in  1.168 seconds
Domain Reload Profiling:
	ReloadAssembly (1169ms)
		BeginReloadAssembly (189ms)
			ExecutionOrderSort (0ms)
			DisableScriptedObjects (7ms)
			BackupInstance (0ms)
			ReleaseScriptingObjects (0ms)
			CreateAndSetChildDomain (67ms)
		EndReloadAssembly (852ms)
			LoadAssemblies (91ms)
			RebuildTransferFunctionScriptingTraits (0ms)
			SetupTypeCache (353ms)
			ReleaseScriptCaches (1ms)
			RebuildScriptCaches (41ms)
			SetupLoadedEditorAssemblies (331ms)
				LogAssemblyErrors (0ms)
				InitializePlatformSupportModulesInManaged (14ms)
				SetLoadedEditorAssemblies (1ms)
				RefreshPlugins (1ms)
				BeforeProcessingInitializeOnLoad (68ms)
				ProcessInitializeOnLoadAttributes (217ms)
				ProcessInitializeOnLoadMethodAttributes (21ms)
				AfterProcessingInitializeOnLoad (9ms)
				EditorAssembliesLoaded (0ms)
			ExecutionOrderSort2 (0ms)
			AwakeInstancesAfterBackupRestoration (7ms)
Platform modules already initialized, skipping
Refreshing native plugins compatible for Editor in 0.60 ms, found 3 plugins.
Preloading 0 native plugins for Editor in 0.00 ms.
Unloading 3273 Unused Serialized files (Serialized files now loaded: 0)
Unloading 22 unused Assets / (79.6 KB). Loaded Objects now: 3756.
Memory consumption went from 119.3 MB to 119.2 MB.
Total: 3.043500 ms (FindLiveObjects: 0.285100 ms CreateObjectMapping: 0.237700 ms MarkObjects: 2.416700 ms  DeleteObjects: 0.102000 ms)

AssetImportParameters requested are different than current active one (requested -> active):
  custom:video-decoder-ogg-theora: a1e56fd34408186e4bbccfd4996cb3dc -> 
  custom:container-muxer-webm: aa71ff27fc2769a1b78a27578f13a17b -> 
  custom:container-demuxer-webm: 4f35f7cbe854078d1ac9338744f61a02 -> 
  custom:video-encoder-webm-vp8: eb34c28f22e8b96e1ab97ce403110664 -> 
  custom:video-codec-MediaFoundation-h265: 746d11721c4dcdbdad8f713fa42b33f4 -> 
  custom:audio-encoder-webm-vorbis: bf7c407c2cedff20999df2af8eb42d56 -> 
  custom:framework-win-MediaFoundation: 216162199b28c13a410421893ffa2e32 -> 
  custom:container-demuxer-ogg: 62fdf1f143b41e24485cea50d1cbac27 -> 
  custom:video-decoder-webm-vp8: 9c59270c3fd7afecdb556c50c9e8de78 -> 
  custom:audio-decoder-ogg-vorbis: bf7c407c2cedff20999df2af8eb42d56 -> 
========================================================================
Received Prepare
Registering precompiled user dll's ...
Registered in 0.004557 seconds.
Begin MonoManager ReloadAssembly
Symbol file LoadedFromMemory doesn't match image F:\Projects\Unity\Sci-fi Tech Demo\Library\PackageCache\com.unity.visualscripting@1.7.6\Editor\VisualScripting.Core\Dependencies\YamlDotNet\Unity.VisualScripting.YamlDotNet.dll
Symbol file LoadedFromMemory doesn't match image F:\Projects\Unity\Sci-fi Tech Demo\Library\PackageCache\com.unity.visualscripting@1.7.6\Editor\VisualScripting.Core\Dependencies\DotNetZip\Unity.VisualScripting.IonicZip.dll
Native extension for WindowsStandalone target not found
Native extension for WebGL target not found
Refreshing native plugins compatible for Editor in 0.97 ms, found 3 plugins.
Preloading 0 native plugins for Editor in 0.00 ms.
Mono: successfully reloaded assembly
- Completed reload, in  1.211 seconds
Domain Reload Profiling:
	ReloadAssembly (1212ms)
		BeginReloadAssembly (158ms)
			ExecutionOrderSort (0ms)
			DisableScriptedObjects (6ms)
			BackupInstance (0ms)
			ReleaseScriptingObjects (0ms)
			CreateAndSetChildDomain (37ms)
		EndReloadAssembly (917ms)
			LoadAssemblies (94ms)
			RebuildTransferFunctionScriptingTraits (0ms)
			SetupTypeCache (351ms)
			ReleaseScriptCaches (3ms)
			RebuildScriptCaches (52ms)
			SetupLoadedEditorAssemblies (370ms)
				LogAssemblyErrors (0ms)
				InitializePlatformSupportModulesInManaged (16ms)
				SetLoadedEditorAssemblies (1ms)
				RefreshPlugins (1ms)
				BeforeProcessingInitializeOnLoad (78ms)
				ProcessInitializeOnLoadAttributes (241ms)
				ProcessInitializeOnLoadMethodAttributes (27ms)
				AfterProcessingInitializeOnLoad (7ms)
				EditorAssembliesLoaded (0ms)
			ExecutionOrderSort2 (0ms)
			AwakeInstancesAfterBackupRestoration (8ms)
Platform modules already initialized, skipping
Refreshing native plugins compatible for Editor in 0.64 ms, found 3 plugins.
Preloading 0 native plugins for Editor in 0.00 ms.
Unloading 3273 Unused Serialized files (Serialized files now loaded: 0)
Unloading 21 unused Assets / (79.6 KB). Loaded Objects now: 3758.
Memory consumption went from 119.3 MB to 119.2 MB.
Total: 3.122500 ms (FindLiveObjects: 0.291100 ms CreateObjectMapping: 0.223000 ms MarkObjects: 2.510500 ms  DeleteObjects: 0.096000 ms)

AssetImportParameters requested are different than current active one (requested -> active):
  custom:video-decoder-ogg-theora: a1e56fd34408186e4bbccfd4996cb3dc -> 
  custom:container-muxer-webm: aa71ff27fc2769a1b78a27578f13a17b -> 
  custom:container-demuxer-webm: 4f35f7cbe854078d1ac9338744f61a02 -> 
  custom:video-encoder-webm-vp8: eb34c28f22e8b96e1ab97ce403110664 -> 
  custom:video-codec-MediaFoundation-h265: 746d11721c4dcdbdad8f713fa42b33f4 -> 
  custom:audio-encoder-webm-vorbis: bf7c407c2cedff20999df2af8eb42d56 -> 
  custom:framework-win-MediaFoundation: 216162199b28c13a410421893ffa2e32 -> 
  custom:container-demuxer-ogg: 62fdf1f143b41e24485cea50d1cbac27 -> 
  custom:video-decoder-webm-vp8: 9c59270c3fd7afecdb556c50c9e8de78 -> 
  custom:audio-decoder-ogg-vorbis: bf7c407c2cedff20999df2af8eb42d56 -> 
========================================================================
Received Import Request.
  Time since last request: 579.137162 seconds.
  path: Assets/Game/Scripts/Player.cs
  artifactKey: Guid(000dde9cf799551479b5751940214fc8) Importer(815301076,1909f56bfc062723c751e8b465ee728b)
Start importing Assets/Game/Scripts/Player.cs using Guid(000dde9cf799551479b5751940214fc8) Importer(815301076,1909f56bfc062723c751e8b465ee728b)  -> (artifact id: '885e440f96e7496605b14fbdc1a258db') in 0.006044 seconds 
========================================================================
Received Prepare
Registering precompiled user dll's ...
Registered in 0.004225 seconds.
Begin MonoManager ReloadAssembly
Symbol file LoadedFromMemory doesn't match image F:\Projects\Unity\Sci-fi Tech Demo\Library\PackageCache\com.unity.visualscripting@1.7.6\Editor\VisualScripting.Core\Dependencies\YamlDotNet\Unity.VisualScripting.YamlDotNet.dll
Symbol file LoadedFromMemory doesn't match image F:\Projects\Unity\Sci-fi Tech Demo\Library\PackageCache\com.unity.visualscripting@1.7.6\Editor\VisualScripting.Core\Dependencies\DotNetZip\Unity.VisualScripting.IonicZip.dll
Native extension for WindowsStandalone target not found
Native extension for WebGL target not found
Refreshing native plugins compatible for Editor in 0.59 ms, found 3 plugins.
Preloading 0 native plugins for Editor in 0.00 ms.
Mono: successfully reloaded assembly
- Completed reload, in  1.214 seconds
Domain Reload Profiling:
	ReloadAssembly (1215ms)
		BeginReloadAssembly (159ms)
			ExecutionOrderSort (0ms)
			DisableScriptedObjects (6ms)
			BackupInstance (0ms)
			ReleaseScriptingObjects (0ms)
			CreateAndSetChildDomain (38ms)
		EndReloadAssembly (928ms)
			LoadAssemblies (85ms)
			RebuildTransferFunctionScriptingTraits (0ms)
			SetupTypeCache (350ms)
			ReleaseScriptCaches (1ms)
			RebuildScriptCaches (55ms)
			SetupLoadedEditorAssemblies (383ms)
				LogAssemblyErrors (0ms)
				InitializePlatformSupportModulesInManaged (18ms)
				SetLoadedEditorAssemblies (0ms)
				RefreshPlugins (1ms)
				BeforeProcessingInitializeOnLoad (79ms)
				ProcessInitializeOnLoadAttributes (248ms)
				ProcessInitializeOnLoadMethodAttributes (30ms)
				AfterProcessingInitializeOnLoad (6ms)
				EditorAssembliesLoaded (0ms)
			ExecutionOrderSort2 (0ms)
			AwakeInstancesAfterBackupRestoration (9ms)
Platform modules already initialized, skipping
Refreshing native plugins compatible for Editor in 0.75 ms, found 3 plugins.
Preloading 0 native plugins for Editor in 0.00 ms.
Unloading 3273 Unused Serialized files (Serialized files now loaded: 0)
Unloading 21 unused Assets / (79.8 KB). Loaded Objects now: 3760.
Memory consumption went from 119.3 MB to 119.2 MB.
Total: 3.188800 ms (FindLiveObjects: 0.302600 ms CreateObjectMapping: 0.249100 ms MarkObjects: 2.474100 ms  DeleteObjects: 0.161400 ms)

AssetImportParameters requested are different than current active one (requested -> active):
  custom:video-decoder-ogg-theora: a1e56fd34408186e4bbccfd4996cb3dc -> 
  custom:container-muxer-webm: aa71ff27fc2769a1b78a27578f13a17b -> 
  custom:container-demuxer-webm: 4f35f7cbe854078d1ac9338744f61a02 -> 
  custom:video-encoder-webm-vp8: eb34c28f22e8b96e1ab97ce403110664 -> 
  custom:video-codec-MediaFoundation-h265: 746d11721c4dcdbdad8f713fa42b33f4 -> 
  custom:audio-encoder-webm-vorbis: bf7c407c2cedff20999df2af8eb42d56 -> 
  custom:framework-win-MediaFoundation: 216162199b28c13a410421893ffa2e32 -> 
  custom:container-demuxer-ogg: 62fdf1f143b41e24485cea50d1cbac27 -> 
  custom:video-decoder-webm-vp8: 9c59270c3fd7afecdb556c50c9e8de78 -> 
  custom:audio-decoder-ogg-vorbis: bf7c407c2cedff20999df2af8eb42d56 -> 
========================================================================
Received Import Request.
  Time since last request: 550.827252 seconds.
  path: Assets/Game/Audio/Shoot_Sound.wav
  artifactKey: Guid(fe8a9b071dcb76c419fb6a53d47deb1e) Importer(815301076,1909f56bfc062723c751e8b465ee728b)
Start importing Assets/Game/Audio/Shoot_Sound.wav using Guid(fe8a9b071dcb76c419fb6a53d47deb1e) Importer(815301076,1909f56bfc062723c751e8b465ee728b)  -> (artifact id: '859de6129cefb9f716ed47339b089624') in 0.178428 seconds 
========================================================================
Received Import Request.
  Time since last request: 33.663568 seconds.
  path: Assets/Game/Level_Dont_Touch/Environment_Model/AudioClips/FX/AccessDenied.ogg
  artifactKey: Guid(20b36408ef0bfce45b7d4010cc76e7de) Importer(815301076,1909f56bfc062723c751e8b465ee728b)
Start importing Assets/Game/Level_Dont_Touch/Environment_Model/AudioClips/FX/AccessDenied.ogg using Guid(20b36408ef0bfce45b7d4010cc76e7de) Importer(815301076,1909f56bfc062723c751e8b465ee728b)  -> (artifact id: '0858d04c26b230196173dbdeb3fe1ae9') in 0.126351 seconds 
========================================================================
Received Import Request.
  Time since last request: 0.000021 seconds.
  path: Assets/Game/Level_Dont_Touch/Environment_Model/AudioClips/VoiceOver/CoffeeBot/CoffeeBotCoffeeOnlyACoin.ogg
  artifactKey: Guid(9fecb71afa4ed49c89d01dffd5c600a7) Importer(815301076,1909f56bfc062723c751e8b465ee728b)
Start importing Assets/Game/Level_Dont_Touch/Environment_Model/AudioClips/VoiceOver/CoffeeBot/CoffeeBotCoffeeOnlyACoin.ogg using Guid(9fecb71afa4ed49c89d01dffd5c600a7) Importer(815301076,1909f56bfc062723c751e8b465ee728b)  -> (artifact id: 'e142a152e30404d8f913021c749ad984') in 0.041243 seconds 
========================================================================
Received Import Request.
  Time since last request: 0.000059 seconds.
  path: Assets/Game/Level_Dont_Touch/Environment_Model/AudioClips/VoiceOver/Guard/GuardGoThrough.ogg
  artifactKey: Guid(d786774c25f284b79bcda64a1571c979) Importer(815301076,1909f56bfc062723c751e8b465ee728b)
Start importing Assets/Game/Level_Dont_Touch/Environment_Model/AudioClips/VoiceOver/Guard/GuardGoThrough.ogg using Guid(d786774c25f284b79bcda64a1571c979) Importer(815301076,1909f56bfc062723c751e8b465ee728b)  -> (artifact id: '4e63e1eed51d283eb4fbc188c0d5a287') in 0.050664 seconds 
========================================================================
Received Import Request.
  Time since last request: 0.000018 seconds.
  path: Assets/Game/Level_Dont_Touch/Environment_Model/AudioClips/FX/DoorSlide.ogg
  artifactKey: Guid(ebdaadc1993914f48991efbeda5ed08e) Importer(815301076,1909f56bfc062723c751e8b465ee728b)
Start importing Assets/Game/Level_Dont_Touch/Environment_Model/AudioClips/FX/DoorSlide.ogg using Guid(ebdaadc1993914f48991efbeda5ed08e) Importer(815301076,1909f56bfc062723c751e8b465ee728b)  -> (artifact id: '14f4d8ab128d8fe8545303e34c4069ba') in 0.022991 seconds 
========================================================================
Received Import Request.
  Time since last request: 0.000023 seconds.
  path: Assets/Game/Level_Dont_Touch/Environment_Model/AudioClips/VoiceOver/Player/PlayerDoNotWantMoreFish.ogg
  artifactKey: Guid(d27de579b328a44a2a102d519fcdd38b) Importer(815301076,1909f56bfc062723c751e8b465ee728b)
Start importing Assets/Game/Level_Dont_Touch/Environment_Model/AudioClips/VoiceOver/Player/PlayerDoNotWantMoreFish.ogg using Guid(d27de579b328a44a2a102d519fcdd38b) Importer(815301076,1909f56bfc062723c751e8b465ee728b)  -> (artifact id: '8d9b6bfb152f0f8cc4b4f900c95ed281') in 0.027335 seconds 
========================================================================
Received Import Request.
  Time since last request: 0.000025 seconds.
  path: Assets/Game/Level_Dont_Touch/Environment_Model/AudioClips/VoiceOver/Player/PlayerBirdKnockedSign.ogg
  artifactKey: Guid(4f2c0eb89fe584a2f81b5b903cfb81f4) Importer(815301076,1909f56bfc062723c751e8b465ee728b)
Start importing Assets/Game/Level_Dont_Touch/Environment_Model/AudioClips/VoiceOver/Player/PlayerBirdKnockedSign.ogg using Guid(4f2c0eb89fe584a2f81b5b903cfb81f4) Importer(815301076,1909f56bfc062723c751e8b465ee728b)  -> (artifact id: '747c8e750083ed2c4fb7c6d1e41e58cc') in 0.028289 seconds 
========================================================================
Received Import Request.
  Time since last request: 0.000022 seconds.
  path: Assets/Game/Level_Dont_Touch/Environment_Model/AudioClips/VoiceOver/Guard/GuardGoGetCoffee.ogg
  artifactKey: Guid(707d533b18a364142897701cc3b4027e) Importer(815301076,1909f56bfc062723c751e8b465ee728b)
Start importing Assets/Game/Level_Dont_Touch/Environment_Model/AudioClips/VoiceOver/Guard/GuardGoGetCoffee.ogg using Guid(707d533b18a364142897701cc3b4027e) Importer(815301076,1909f56bfc062723c751e8b465ee728b)  -> (artifact id: 'bb363a3e7c3a354ae15f3ae0566194ea') in 0.033286 seconds 
========================================================================
Received Import Request.
  Time since last request: 0.000032 seconds.
  path: Assets/Game/Level_Dont_Touch/Environment_Model/AudioClips/VoiceOver/Guard/GuardGetLost.ogg
  artifactKey: Guid(d18f058921ed94b17847871c11f8c9da) Importer(815301076,1909f56bfc062723c751e8b465ee728b)
Start importing Assets/Game/Level_Dont_Touch/Environment_Model/AudioClips/VoiceOver/Guard/GuardGetLost.ogg using Guid(d18f058921ed94b17847871c11f8c9da) Importer(815301076,1909f56bfc062723c751e8b465ee728b)  -> (artifact id: '1185163afccb9d511cbcf9369d255639') in 0.021347 seconds 
========================================================================
Received Import Request.
  Time since last request: 0.000028 seconds.
  path: Assets/Game/Level_Dont_Touch/Environment_Model/AudioClips/VoiceOver/Player/PlayerBirdIsGone.ogg
  artifactKey: Guid(0bcb52a0dc8524b40a4a97ccc1e4cef6) Importer(815301076,1909f56bfc062723c751e8b465ee728b)
Start importing Assets/Game/Level_Dont_Touch/Environment_Model/AudioClips/VoiceOver/Player/PlayerBirdIsGone.ogg using Guid(0bcb52a0dc8524b40a4a97ccc1e4cef6) Importer(815301076,1909f56bfc062723c751e8b465ee728b)  -> (artifact id: '523c1887b4b5b32f313853cfb634b841') in 0.029121 seconds 
========================================================================
Received Import Request.
  Time since last request: 4.540518 seconds.
  path: Assets/Game/Level_Dont_Touch/Environment_Model/AudioClips/VoiceOver/Player/PlayerNoMoreCoins.ogg
  artifactKey: Guid(ae424b24e594048429a4a2bed2eeb897) Importer(815301076,1909f56bfc062723c751e8b465ee728b)
Start importing Assets/Game/Level_Dont_Touch/Environment_Model/AudioClips/VoiceOver/Player/PlayerNoMoreCoins.ogg using Guid(ae424b24e594048429a4a2bed2eeb897) Importer(815301076,1909f56bfc062723c751e8b465ee728b)  -> (artifact id: '3a9650f95e557668ea8af981cd848b91') in 0.021631 seconds 
========================================================================
Received Import Request.
  Time since last request: 0.000019 seconds.
  path: Assets/Game/Level_Dont_Touch/Environment_Model/AudioClips/VoiceOver/Player/PlayerPickUpFish.ogg
  artifactKey: Guid(754e60097902b4234b185dc059451525) Importer(815301076,1909f56bfc062723c751e8b465ee728b)
Start importing Assets/Game/Level_Dont_Touch/Environment_Model/AudioClips/VoiceOver/Player/PlayerPickUpFish.ogg using Guid(754e60097902b4234b185dc059451525) Importer(815301076,1909f56bfc062723c751e8b465ee728b)  -> (artifact id: 'ea5ac2b7e0bd0f666428ca63aa9c875c') in 0.033005 seconds 
========================================================================
Received Import Request.
  Time since last request: 0.305073 seconds.
  path: Assets/Game/Level_Dont_Touch/Environment_Model/AudioClips/VoiceOver/Player/PlayerPickUpGlasses.ogg
  artifactKey: Guid(7578097ef1d3e4ad3825f32b32564cde) Importer(815301076,1909f56bfc062723c751e8b465ee728b)
Start importing Assets/Game/Level_Dont_Touch/Environment_Model/AudioClips/VoiceOver/Player/PlayerPickUpGlasses.ogg using Guid(7578097ef1d3e4ad3825f32b32564cde) Importer(815301076,1909f56bfc062723c751e8b465ee728b)  -> (artifact id: '42061fdeca94d4b6ba59816b0f032ae1') in 0.103114 seconds 
========================================================================
Received Import Request.
  Time since last request: 0.000035 seconds.
  path: Assets/Game/Level_Dont_Touch/Environment_Model/AudioClips/Ambient/SecurityRoomAmbient.ogg
  artifactKey: Guid(19e9160e69a211246b8d3e4de36e96ec) Importer(815301076,1909f56bfc062723c751e8b465ee728b)
Start importing Assets/Game/Level_Dont_Touch/Environment_Model/AudioClips/Ambient/SecurityRoomAmbient.ogg using Guid(19e9160e69a211246b8d3e4de36e96ec) Importer(815301076,1909f56bfc062723c751e8b465ee728b)  -> (artifact id: '7d4da4ca6ed27c6b8d18e4ad02f342e8') in 0.029319 seconds 
========================================================================
Received Import Request.
  Time since last request: 0.571374 seconds.
  path: Assets/Game/Level_Dont_Touch/Environment_Model/AudioClips/FX/YouWin.ogg
  artifactKey: Guid(96b6650a22f2cb341a4bbb635f9af634) Importer(815301076,1909f56bfc062723c751e8b465ee728b)
Start importing Assets/Game/Level_Dont_Touch/Environment_Model/AudioClips/FX/YouWin.ogg using Guid(96b6650a22f2cb341a4bbb635f9af634) Importer(815301076,1909f56bfc062723c751e8b465ee728b)  -> (artifact id: '4e2cf6a0e6c2f946bc897dfa7036611d') in 0.014294 seconds 
